<?xml version="1.0" encoding="UTF-8"?>
<!-- Generated by org.testng.reporters.JUnitReportReporter -->
<testsuite hostname="SanthoshR" name="com.projectname.scripts.testClass" tests="1" failures="0" timestamp="13 Feb 2015 11:26:58 GMT" time="9.215" errors="0">
  <testcase name="waitForText" time="9.215" classname="com.projectname.scripts.testClass"/>
</testsuite> <!-- com.projectname.scripts.testClass -->
