<?xml version="1.0" encoding="UTF-8"?>
<!-- Generated by org.testng.reporters.JUnitReportReporter -->
<testsuite hostname="Nagarjuna-PC" name="com.projectname.base.UploadFileAutoIt" tests="1" failures="0" timestamp="5 Jun 2015 10:19:00 GMT" time="42.733" errors="0">
  <testcase name="testUpload" time="42.733" classname="com.projectname.base.UploadFileAutoIt"/>
</testsuite> <!-- com.projectname.base.UploadFileAutoIt -->
