<?xml version="1.0" encoding="UTF-8"?>
<!-- Generated by org.testng.reporters.JUnitReportReporter -->
<testsuite hostname="Nagarjuna-PC" name="com.projectname.scripts.DriverScriptTest" tests="1" failures="0" timestamp="1 Dec 2015 12:07:53 GMT" time="289.612" errors="0">
  <testcase name="driverScript" time="289.612" classname="com.projectname.scripts.DriverScriptTest"/>
</testsuite> <!-- com.projectname.scripts.DriverScriptTest -->
