<?xml version="1.0" encoding="UTF-8"?>
<!-- Generated by org.testng.reporters.JUnitReportReporter -->
<testsuite hostname="SanthoshR" name="com.projectname.base.FunctionLibrary" tests="1" failures="0" timestamp="13 Feb 2015 10:30:00 GMT" time="39.138" errors="0">
  <testcase name="waitForText" time="39.138" classname="com.projectname.base.FunctionLibrary"/>
</testsuite> <!-- com.projectname.base.FunctionLibrary -->
